# JRE version: Java(TM) SE Runtime Environment (8.0_40-b27) (build 1.8.0_40-b27)
# Java VM: Java HotSpot(TM) 64-Bit Server VM (25.40-b25 mixed mode bsd-amd64 compressed oops)
Heap:
 PSYoungGen      total 76288K, used 51236K [0x00000007aab00000, 0x00000007b1300000, 0x00000007c0000000)
  eden space 65536K, 69% used [0x00000007aab00000,0x00000007ad73dc38,0x00000007aeb00000)
  from space 10752K, 55% used [0x00000007af580000,0x00000007afb4b448,0x00000007b0000000)
  to   space 10752K, 0% used [0x00000007aeb00000,0x00000007aeb00000,0x00000007af580000)
 ParOldGen       total 120832K, used 9861K [0x0000000780000000, 0x0000000787600000, 0x00000007aab00000)
  object space 120832K, 8% used [0x0000000780000000,0x00000007809a1588,0x0000000787600000)
 Metaspace       used 27458K, capacity 27888K, committed 28032K, reserved 1073152K
  class space    used 3843K, capacity 3968K, committed 3968K, reserved 1048576K
GC Heap History (10 events):
Event: 7.511 GC heap before
{Heap before GC invocations=1 (full 0):
 PSYoungGen      total 76288K, used 65536K [0x00000007aab00000, 0x00000007b0000000, 0x00000007c0000000)
  eden space 65536K, 100% used [0x00000007aab00000,0x00000007aeb00000,0x00000007aeb00000)
  from space 10752K, 0% used [0x00000007af580000,0x00000007af580000,0x00000007b0000000)
  to   space 10752K, 0% used [0x00000007aeb00000,0x00000007aeb00000,0x00000007af580000)
 ParOldGen       total 175104K, used 0K [0x0000000780000000, 0x000000078ab00000, 0x00000007aab00000)
  object space 175104K, 0% used [0x0000000780000000,0x0000000780000000,0x000000078ab00000)
 Metaspace       used 10262K, capacity 10564K, committed 10752K, reserved 1058816K
  class space    used 1402K, capacity 1478K, committed 1536K, reserved 1048576K
Event: 7.558 GC heap after
Heap after GC invocations=1 (full 0):
 PSYoungGen      total 76288K, used 6974K [0x00000007aab00000, 0x00000007b0000000, 0x00000007c0000000)
  eden space 65536K, 0% used [0x00000007aab00000,0x00000007aab00000,0x00000007aeb00000)
  from space 10752K, 64% used [0x00000007aeb00000,0x00000007af1cfbe8,0x00000007af580000)
  to   space 10752K, 0% used [0x00000007af580000,0x00000007af580000,0x00000007b0000000)
 ParOldGen       total 175104K, used 8K [0x0000000780000000, 0x000000078ab00000, 0x00000007aab00000)
  object space 175104K, 0% used [0x0000000780000000,0x0000000780002000,0x000000078ab00000)
 Metaspace       used 10262K, capacity 10564K, committed 10752K, reserved 1058816K
  class space    used 1402K, capacity 1478K, committed 1536K, reserved 1048576K
}
Event: 14.888 GC heap before
{Heap before GC invocations=2 (full 0):
 PSYoungGen      total 76288K, used 72510K [0x00000007aab00000, 0x00000007b0000000, 0x00000007c0000000)
  eden space 65536K, 100% used [0x00000007aab00000,0x00000007aeb00000,0x00000007aeb00000)
  from space 10752K, 64% used [0x00000007aeb00000,0x00000007af1cfbe8,0x00000007af580000)
  to   space 10752K, 0% used [0x00000007af580000,0x00000007af580000,0x00000007b0000000)
 ParOldGen       total 175104K, used 8K [0x0000000780000000, 0x000000078ab00000, 0x00000007aab00000)
  object space 175104K, 0% used [0x0000000780000000,0x0000000780002000,0x000000078ab00000)
 Metaspace       used 18447K, capacity 18732K, committed 18944K, reserved 1064960K
  class space    used 2451K, capacity 2549K, committed 2560K, reserved 1048576K
Event: 14.943 GC heap after
Heap after GC invocations=2 (full 0):
 PSYoungGen      total 76288K, used 10731K [0x00000007aab00000, 0x00000007b0000000, 0x00000007c0000000)
  eden space 65536K, 0% used [0x00000007aab00000,0x00000007aab00000,0x00000007aeb00000)
  from space 10752K, 99% used [0x00000007af580000,0x00000007afffaf00,0x00000007b0000000)
  to   space 10752K, 0% used [0x00000007aeb00000,0x00000007aeb00000,0x00000007af580000)
 ParOldGen       total 175104K, used 478K [0x0000000780000000, 0x000000078ab00000, 0x00000007aab00000)
  object space 175104K, 0% used [0x0000000780000000,0x0000000780077890,0x000000078ab00000)
 Metaspace       used 18447K, capacity 18732K, committed 18944K, reserved 1064960K
  class space    used 2451K, capacity 2549K, committed 2560K, reserved 1048576K
}
Event: 17.894 GC heap before
{Heap before GC invocations=3 (full 0):
 PSYoungGen      total 76288K, used 42123K [0x00000007aab00000, 0x00000007b0000000, 0x00000007c0000000)
  eden space 65536K, 47% used [0x00000007aab00000,0x00000007ac9a7f98,0x00000007aeb00000)
  from space 10752K, 99% used [0x00000007af580000,0x00000007afffaf00,0x00000007b0000000)
  to   space 10752K, 0% used [0x00000007aeb00000,0x00000007aeb00000,0x00000007af580000)
 ParOldGen       total 175104K, used 478K [0x0000000780000000, 0x000000078ab00000, 0x00000007aab00000)
  object space 175104K, 0% used [0x0000000780000000,0x0000000780077890,0x000000078ab00000)
 Metaspace       used 21024K, capacity 21254K, committed 21296K, reserved 1067008K
  class space    used 2866K, capacity 2939K, committed 2944K, reserved 1048576K
Event: 17.931 GC heap after
Heap after GC invocations=3 (full 0):
 PSYoungGen      total 76288K, used 10086K [0x00000007aab00000, 0x00000007b0000000, 0x00000007c0000000)
  eden space 65536K, 0% used [0x00000007aab00000,0x00000007aab00000,0x00000007aeb00000)
  from space 10752K, 93% used [0x00000007aeb00000,0x00000007af4d9840,0x00000007af580000)
  to   space 10752K, 0% used [0x00000007af580000,0x00000007af580000,0x00000007b0000000)
 ParOldGen       total 175104K, used 486K [0x0000000780000000, 0x000000078ab00000, 0x00000007aab00000)
  object space 175104K, 0% used [0x0000000780000000,0x0000000780079890,0x000000078ab00000)
 Metaspace       used 21024K, capacity 21254K, committed 21296K, reserved 1067008K
  class space    used 2866K, capacity 2939K, committed 2944K, reserved 1048576K
}
Event: 17.931 GC heap before
{Heap before GC invocations=4 (full 1):
 PSYoungGen      total 76288K, used 10086K [0x00000007aab00000, 0x00000007b0000000, 0x00000007c0000000)
  eden space 65536K, 0% used [0x00000007aab00000,0x00000007aab00000,0x00000007aeb00000)
  from space 10752K, 93% used [0x00000007aeb00000,0x00000007af4d9840,0x00000007af580000)
  to   space 10752K, 0% used [0x00000007af580000,0x00000007af580000,0x00000007b0000000)
 ParOldGen       total 175104K, used 486K [0x0000000780000000, 0x000000078ab00000, 0x00000007aab00000)
  object space 175104K, 0% used [0x0000000780000000,0x0000000780079890,0x000000078ab00000)
 Metaspace       used 21024K, capacity 21254K, committed 21296K, reserved 1067008K
  class space    used 2866K, capacity 2939K, committed 2944K, reserved 1048576K
Event: 18.251 GC heap after
Heap after GC invocations=4 (full 1):
 PSYoungGen      total 76288K, used 0K [0x00000007aab00000, 0x00000007b0000000, 0x00000007c0000000)
  eden space 65536K, 0% used [0x00000007aab00000,0x00000007aab00000,0x00000007aeb00000)
  from space 10752K, 0% used [0x00000007aeb00000,0x00000007aeb00000,0x00000007af580000)
  to   space 10752K, 0% used [0x00000007af580000,0x00000007af580000,0x00000007b0000000)
 ParOldGen       total 120832K, used 9853K [0x0000000780000000, 0x0000000787600000, 0x00000007aab00000)
  object space 120832K, 8% used [0x0000000780000000,0x000000078099f588,0x0000000787600000)
 Metaspace       used 21024K, capacity 21254K, committed 21296K, reserved 1067008K
  class space    used 2866K, capacity 2939K, committed 2944K, reserved 1048576K
}
Event: 24.432 GC heap before
{Heap before GC invocations=5 (full 1):
 PSYoungGen      total 76288K, used 65536K [0x00000007aab00000, 0x00000007b0000000, 0x00000007c0000000)
  eden space 65536K, 100% used [0x00000007aab00000,0x00000007aeb00000,0x00000007aeb00000)
  from space 10752K, 0% used [0x00000007aeb00000,0x00000007aeb00000,0x00000007af580000)
  to   space 10752K, 0% used [0x00000007af580000,0x00000007af580000,0x00000007b0000000)
 ParOldGen       total 120832K, used 9853K [0x0000000780000000, 0x0000000787600000, 0x00000007aab00000)
  object space 120832K, 8% used [0x0000000780000000,0x000000078099f588,0x0000000787600000)
 Metaspace       used 26040K, capacity 26488K, committed 26624K, reserved 1073152K
  class space    used 3676K, capacity 3804K, committed 3840K, reserved 1048576K
Event: 24.458 GC heap after
Heap after GC invocations=5 (full 1):
 PSYoungGen      total 76288K, used 5933K [0x00000007aab00000, 0x00000007b1300000, 0x00000007c0000000)
  eden space 65536K, 0% used [0x00000007aab00000,0x00000007aab00000,0x00000007aeb00000)
  from space 10752K, 55% used [0x00000007af580000,0x00000007afb4b448,0x00000007b0000000)
  to   space 10752K, 0% used [0x00000007aeb00000,0x00000007aeb00000,0x00000007af580000)
 ParOldGen       total 120832K, used 9861K [0x0000000780000000, 0x0000000787600000, 0x00000007aab00000)
  object space 120832K, 8% used [0x0000000780000000,0x00000007809a1588,0x0000000787600000)
 Metaspace       used 26040K, capacity 26488K, committed 26624K, reserved 1073152K
  class space    used 3676K, capacity 3804K, committed 3840K, reserved 1048576K
}

